<?xml version="1.0" encoding="UTF-8" ?>
<testsuite failures="0" time="0.112" errors="0" skipped="0" tests="14" name="sistemasdecaronas.projSi1.testes.TesteSistema">
  <properties>
    <property name="java.runtime.name" value="Java(TM) SE Runtime Environment"/>
    <property name="sun.boot.library.path" value="C:\Program Files\Java\jre7\bin"/>
    <property name="java.vm.version" value="23.0-b21"/>
    <property name="java.vm.vendor" value="Oracle Corporation"/>
    <property name="java.vendor.url" value="http://java.oracle.com/"/>
    <property name="path.separator" value=";"/>
    <property name="java.vm.name" value="Java HotSpot(TM) 64-Bit Server VM"/>
    <property name="file.encoding.pkg" value="sun.io"/>
    <property name="user.script" value=""/>
    <property name="user.country" value="BR"/>
    <property name="sun.java.launcher" value="SUN_STANDARD"/>
    <property name="sun.os.patch.level" value="Service Pack 1"/>
    <property name="java.vm.specification.name" value="Java Virtual Machine Specification"/>
    <property name="user.dir" value="C:\Users\Rennan\git\projSi1"/>
    <property name="java.runtime.version" value="1.7.0_04-b20"/>
    <property name="java.awt.graphicsenv" value="sun.awt.Win32GraphicsEnvironment"/>
    <property name="basedir" value="C:\Users\Rennan\git\projSi1"/>
    <property name="java.endorsed.dirs" value="C:\Program Files\Java\jre7\lib\endorsed"/>
    <property name="os.arch" value="amd64"/>
    <property name="surefire.real.class.path" value="C:\Users\Rennan\git\projSi1\target\surefire\surefirebooter8845809502939262497.jar"/>
    <property name="java.io.tmpdir" value="C:\Users\Rennan\AppData\Local\Temp\"/>
    <property name="line.separator" value="
"/>
    <property name="java.vm.specification.vendor" value="Oracle Corporation"/>
    <property name="user.variant" value=""/>
    <property name="os.name" value="Windows 7"/>
    <property name="sun.jnu.encoding" value="Cp1252"/>
    <property name="java.library.path" value="C:\Program Files\Java\jre7\bin;C:\Windows\Sun\Java\bin;C:\Windows\system32;C:\Windows;C:\Program Files (x86)\AMD APP\bin\x86_64;C:\Program Files (x86)\AMD APP\bin\x86;C:\Program Files\Common Files\Microsoft Shared\Windows Live;C:\Program Files (x86)\Common Files\Microsoft Shared\Windows Live;C:\Windows\system32;C:\Windows;C:\Windows\System32\Wbem;C:\Windows\System32\WindowsPowerShell\v1.0\;C:\Program Files (x86)\ATI Technologies\ATI.ACE\Core-Static;C:\Program Files (x86)\Windows Live\Shared;C:\Program Files (x86)\Microsoft SQL Server\100\Tools\Binn\;C:\Program Files\Microsoft SQL Server\100\Tools\Binn\;C:\Program Files\Microsoft SQL Server\100\DTS\Binn\;C:\Users\Rennan\apache-maven-3.0.4\bin;."/>
    <property name="surefire.test.class.path" value="C:\Users\Rennan\git\projSi1\target\test-classes;C:\Users\Rennan\git\projSi1\target\classes;C:\Users\Rennan\.m2\repository\junit\junit\4.8.2\junit-4.8.2.jar;C:\Users\Rennan\.m2\repository\jdom\jdom\1.0\jdom-1.0.jar;C:\Users\Rennan\.m2\repository\ufcg\edu\br\easyaccept\1.0.0\easyaccept-1.0.0.jar;"/>
    <property name="java.specification.name" value="Java Platform API Specification"/>
    <property name="java.class.version" value="51.0"/>
    <property name="sun.management.compiler" value="HotSpot 64-Bit Tiered Compilers"/>
    <property name="os.version" value="6.1"/>
    <property name="user.home" value="C:\Users\Rennan"/>
    <property name="user.timezone" value=""/>
    <property name="java.awt.printerjob" value="sun.awt.windows.WPrinterJob"/>
    <property name="java.specification.version" value="1.7"/>
    <property name="file.encoding" value="Cp1252"/>
    <property name="user.name" value="Rennan"/>
    <property name="java.class.path" value="C:\Users\Rennan\git\projSi1\target\test-classes;C:\Users\Rennan\git\projSi1\target\classes;C:\Users\Rennan\.m2\repository\junit\junit\4.8.2\junit-4.8.2.jar;C:\Users\Rennan\.m2\repository\jdom\jdom\1.0\jdom-1.0.jar;C:\Users\Rennan\.m2\repository\ufcg\edu\br\easyaccept\1.0.0\easyaccept-1.0.0.jar;"/>
    <property name="java.vm.specification.version" value="1.7"/>
    <property name="sun.arch.data.model" value="64"/>
    <property name="java.home" value="C:\Program Files\Java\jre7"/>
    <property name="sun.java.command" value="C:\Users\Rennan\git\projSi1\target\surefire\surefirebooter8845809502939262497.jar C:\Users\Rennan\git\projSi1\target\surefire\surefire9054614510029498847tmp C:\Users\Rennan\git\projSi1\target\surefire\surefire1029754858732785040tmp"/>
    <property name="java.specification.vendor" value="Oracle Corporation"/>
    <property name="user.language" value="pt"/>
    <property name="awt.toolkit" value="sun.awt.windows.WToolkit"/>
    <property name="java.vm.info" value="mixed mode"/>
    <property name="java.version" value="1.7.0_04"/>
    <property name="java.ext.dirs" value="C:\Program Files\Java\jre7\lib\ext;C:\Windows\Sun\Java\lib\ext"/>
    <property name="sun.boot.class.path" value="C:\Program Files\Java\jre7\lib\resources.jar;C:\Program Files\Java\jre7\lib\rt.jar;C:\Program Files\Java\jre7\lib\sunrsasign.jar;C:\Program Files\Java\jre7\lib\jsse.jar;C:\Program Files\Java\jre7\lib\jce.jar;C:\Program Files\Java\jre7\lib\charsets.jar;C:\Program Files\Java\jre7\lib\jfr.jar;C:\Program Files\Java\jre7\classes"/>
    <property name="java.vendor" value="Oracle Corporation"/>
    <property name="localRepository" value="C:\Users\Rennan\.m2\repository"/>
    <property name="file.separator" value="\"/>
    <property name="java.vendor.url.bug" value="http://bugreport.sun.com/bugreport/"/>
    <property name="sun.cpu.endian" value="little"/>
    <property name="sun.io.unicode.encoding" value="UnicodeLittle"/>
    <property name="sun.desktop" value="windows"/>
    <property name="sun.cpu.isalist" value="amd64"/>
  </properties>
  <testcase time="0.057" classname="sistemasdecaronas.projSi1.testes.TesteSistema" name="testeAbrirSessao"/>
  <testcase time="0" classname="sistemasdecaronas.projSi1.testes.TesteSistema" name="testeGetAtributoUsuario"/>
  <testcase time="0.001" classname="sistemasdecaronas.projSi1.testes.TesteSistema" name="testaCadastrarCarona"/>
  <testcase time="0.001" classname="sistemasdecaronas.projSi1.testes.TesteSistema" name="testaGetAtributoCarona"/>
  <testcase time="0" classname="sistemasdecaronas.projSi1.testes.TesteSistema" name="testaLocalizarCarona"/>
  <testcase time="0" classname="sistemasdecaronas.projSi1.testes.TesteSistema" name="testaGetTrajeto"/>
  <testcase time="0" classname="sistemasdecaronas.projSi1.testes.TesteSistema" name="testaGetCarona"/>
  <testcase time="0" classname="sistemasdecaronas.projSi1.testes.TesteSistema" name="sugerirPontoEncontro"/>
  <testcase time="0" classname="sistemasdecaronas.projSi1.testes.TesteSistema" name="testaSolicitarVaga"/>
  <testcase time="0" classname="sistemasdecaronas.projSi1.testes.TesteSistema" name="testaGetAtributoSolicitacao"/>
  <testcase time="0.001" classname="sistemasdecaronas.projSi1.testes.TesteSistema" name="testaResponderSugestaoPontoEncontro"/>
  <testcase time="0.001" classname="sistemasdecaronas.projSi1.testes.TesteSistema" name="testaSolicitarVagaPontoEncontro"/>
  <testcase time="0" classname="sistemasdecaronas.projSi1.testes.TesteSistema" name="testaAceitarSolicitacaoPontoEncontro"/>
  <testcase time="0" classname="sistemasdecaronas.projSi1.testes.TesteSistema" name="testeLista"/>
</testsuite>